{
  "0 debug pnpm:scope": {
    "selected": 1
  },
  "1 error pnpm": {
    "code": "ELIFECYCLE",
    "errno": "ENOENT",
    "syscall": "spawn",
    "file": "sh",
    "pkgid": "ui@0.0.1",
    "stage": "build",
    "script": "svelte-kit build",
    "pkgname": "ui",
    "err": {
      "name": "pnpm",
      "message": "ui@0.0.1 build: `svelte-kit build`\nspawn ENOENT",
      "code": "ELIFECYCLE",
      "stack": "pnpm: ui@0.0.1 build: `svelte-kit build`\nspawn ENOENT\n    at ChildProcess.<anonymous> (/home/william/.nvm/versions/node/v16.11.0/pnpm-global/5/node_modules/.pnpm/pnpm@6.24.4/node_modules/pnpm/dist/pnpm.cjs:91795:22)\n    at ChildProcess.emit (node:events:390:28)\n    at maybeClose (node:internal/child_process:1064:16)\n    at Process.ChildProcess._handle.onexit (node:internal/child_process:301:5)"
    }
  },
  "2 warn pnpm:global": " Local package.json exists, but node_modules missing, did you mean to install?"
}